<?xml version="1.0" encoding="UTF-8"?>
<!-- Generated by org.testng.reporters.JUnitReportReporter -->
<testsuite hostname="Arjun" failures="0" tests="1" name="com.testersconnect.api.Add_Group_Contacts_To_Company" time="8.854" errors="0" timestamp="13 Apr 2018 10:30:22 GMT" skipped="0">
  <testcase classname="com.testersconnect.api.Add_Group_Contacts_To_Company" name="AddGroupOfContactsToCompany" time="8.854"/>
</testsuite> <!-- com.testersconnect.api.Add_Group_Contacts_To_Company -->
