<?xml version="1.0" encoding="UTF-8"?>
<!-- Generated by org.testng.reporters.JUnitReportReporter -->
<testsuite hostname="Arjun" failures="0" tests="1" name="com.testersconnect.api.AddContactsToCompany" time="4.622" errors="0" timestamp="13 Apr 2018 10:30:37 GMT" skipped="0">
  <testcase classname="com.testersconnect.api.AddContactsToCompany" name="verifyAddContactsToCompany" time="4.622"/>
</testsuite> <!-- com.testersconnect.api.AddContactsToCompany -->
